2024-06-17 12:20:07.503 [info] Log level: Info
2024-06-17 12:20:07.503 [info] Validating found git in: "git"
2024-06-17 12:20:07.503 [info] Using git "2.43.0" from "git"
2024-06-17 12:20:07.503 [info] > git rev-parse --show-toplevel [18ms]
2024-06-17 12:20:07.503 [info] fatal: not a git repository (or any of the parent directories): .git
2024-06-17 12:20:07.503 [info] > git rev-parse --show-toplevel [12ms]
2024-06-17 12:20:07.503 [info] fatal: not a git repository (or any of the parent directories): .git
2024-06-17 12:20:07.508 [info] > git rev-parse --show-toplevel [7ms]
2024-06-17 12:20:07.508 [info] fatal: not a git repository (or any of the parent directories): .git
2024-06-17 12:20:07.517 [info] > git rev-parse --show-toplevel [4ms]
2024-06-17 12:20:07.517 [info] fatal: not a git repository (or any of the parent directories): .git
2024-06-17 12:24:59.535 [info] > git rev-parse --show-toplevel [4ms]
2024-06-17 12:24:59.536 [info] fatal: not a git repository (or any of the parent directories): .git
2024-06-17 12:31:50.141 [info] > git rev-parse --show-toplevel [7ms]
2024-06-17 12:31:50.141 [info] fatal: not a git repository (or any of the parent directories): .git
2024-06-17 12:31:50.649 [info] > git rev-parse --show-toplevel [4ms]
2024-06-17 12:31:50.649 [info] fatal: not a git repository (or any of the parent directories): .git
2024-06-17 12:31:51.670 [info] > git rev-parse --show-toplevel [2ms]
2024-06-17 12:31:51.670 [info] fatal: not a git repository (or any of the parent directories): .git
2024-06-17 12:31:52.420 [info] > git rev-parse --show-toplevel [3ms]
2024-06-17 12:31:52.420 [info] fatal: not a git repository (or any of the parent directories): .git
2024-06-17 12:31:53.196 [info] > git rev-parse --show-toplevel [2ms]
2024-06-17 12:31:53.196 [info] fatal: not a git repository (or any of the parent directories): .git
2024-06-17 12:31:55.197 [info] > git rev-parse --show-toplevel [2ms]
2024-06-17 12:31:55.197 [info] fatal: not a git repository (or any of the parent directories): .git
2024-06-17 12:31:55.940 [info] > git rev-parse --show-toplevel [3ms]
2024-06-17 12:31:55.940 [info] fatal: not a git repository (or any of the parent directories): .git
2024-06-17 12:31:56.733 [info] > git rev-parse --show-toplevel [6ms]
2024-06-17 12:31:56.733 [info] fatal: not a git repository (or any of the parent directories): .git
2024-06-17 12:31:57.728 [info] > git rev-parse --show-toplevel [3ms]
2024-06-17 12:31:57.728 [info] fatal: not a git repository (or any of the parent directories): .git
2024-06-17 12:31:58.237 [info] > git rev-parse --show-toplevel [3ms]
2024-06-17 12:31:58.237 [info] fatal: not a git repository (or any of the parent directories): .git
2024-06-17 12:31:58.743 [info] > git rev-parse --show-toplevel [2ms]
2024-06-17 12:31:58.743 [info] fatal: not a git repository (or any of the parent directories): .git
2024-06-17 12:31:59.736 [info] > git rev-parse --show-toplevel [1ms]
2024-06-17 12:31:59.736 [info] fatal: not a git repository (or any of the parent directories): .git
2024-06-17 12:32:20.386 [info] > git rev-parse --show-toplevel [4ms]
2024-06-17 12:32:20.394 [info] > git rev-parse --git-dir --git-common-dir [2ms]
2024-06-17 12:32:20.407 [info] Open repository: /root/bot
2024-06-17 12:32:20.418 [info] > git config --get commit.template [4ms]
2024-06-17 12:32:20.427 [info] > git for-each-ref --format=%(refname)%00%(upstream:short)%00%(objectname)%00%(upstream:track)%00%(upstream:remotename)%00%(upstream:remoteref) refs/heads/PIP refs/remotes/PIP [4ms]
2024-06-17 12:32:20.431 [warning] ENOENT: no such file or directory, open '/root/bot/.git/refs/remotes/origin/PIP'
2024-06-17 12:32:20.434 [info] > git rev-parse refs/remotes/origin/PIP [2ms]
2024-06-17 12:32:20.434 [info] fatal: ambiguous argument 'refs/remotes/origin/PIP': unknown revision or path not in the working tree.
Use '--' to separate paths from revisions, like this:
'git <command> [<revision>...] -- [<file>...]'
2024-06-17 12:32:20.985 [info] > git status -z -uall [546ms] (cancelled)
2024-06-17 12:32:21.088 [info] > git check-ignore -v -z --stdin [15ms]
2024-06-17 12:48:47.467 [info] > git fetch [2006ms]
2024-06-17 12:48:47.468 [info] > git merge-base refs/heads/PIP refs/remotes/origin/PIP [3245ms]
2024-06-17 12:48:47.481 [info] > git config --get commit.template [15ms]
2024-06-17 12:48:47.483 [info] > git config --get commit.template [4ms]
2024-06-17 12:48:47.483 [info] > git rev-list --count --left-right refs/heads/PIP...refs/remotes/origin/PIP [11ms]
2024-06-17 12:48:47.572 [info] > git for-each-ref --format=%(refname)%00%(upstream:short)%00%(objectname)%00%(upstream:track)%00%(upstream:remotename)%00%(upstream:remoteref) refs/heads/PIP refs/remotes/PIP [76ms]
2024-06-17 12:48:47.574 [info] > git diff --name-status -z --diff-filter=ADMR 1f76f2332d0e93359840465fcbce02a04c0e09c2...refs/remotes/origin/PIP [86ms]
2024-06-17 12:48:47.590 [info] > git for-each-ref --format=%(refname)%00%(upstream:short)%00%(objectname)%00%(upstream:track)%00%(upstream:remotename)%00%(upstream:remoteref) refs/heads/PIP refs/remotes/PIP [21ms]
2024-06-17 12:48:53.983 [info] > git check-ignore -v -z --stdin [86ms]
2024-06-17 12:48:55.343 [info] > git check-ignore -v -z --stdin [33ms]
2024-06-17 12:48:58.537 [info] > git status -z -uall [10937ms]
2024-06-17 12:48:59.841 [info] > git merge-base refs/heads/PIP refs/remotes/origin/PIP [1269ms]
2024-06-17 12:48:59.853 [info] > git rev-list --count --left-right refs/heads/PIP...refs/remotes/origin/PIP [7ms]
2024-06-17 12:48:59.860 [info] > git diff --name-status -z --diff-filter=ADMR 1f76f2332d0e93359840465fcbce02a04c0e09c2...refs/remotes/origin/PIP [3ms]
2024-06-17 12:50:38.178 [info] > git check-ignore -v -z --stdin [19ms]
2024-06-17 12:51:15.523 [info] > git check-ignore -v -z --stdin [14ms]
2024-06-17 12:51:16.868 [info] > git check-ignore -v -z --stdin [14ms]
2024-06-17 12:51:24.331 [info] > git check-ignore -v -z --stdin [23ms]
2024-06-17 12:51:24.504 [info] > git config --get commit.template [11ms]
2024-06-17 12:51:24.505 [info] > git for-each-ref --format=%(refname)%00%(upstream:short)%00%(objectname)%00%(upstream:track)%00%(upstream:remotename)%00%(upstream:remoteref) refs/heads/PIP refs/remotes/PIP [6ms]
2024-06-17 12:51:26.299 [info] > git check-ignore -v -z --stdin [61ms]
2024-06-17 12:51:36.243 [info] > git status -z -uall [11731ms]
2024-06-17 12:52:00.122 [info] > git fetch [937ms]
2024-06-17 12:52:00.168 [info] > git config --get commit.template [23ms]
2024-06-17 12:52:00.174 [info] > git for-each-ref --format=%(refname)%00%(upstream:short)%00%(objectname)%00%(upstream:track)%00%(upstream:remotename)%00%(upstream:remoteref) refs/heads/PIP refs/remotes/PIP [13ms]
2024-06-17 12:52:13.855 [info] > git status -z -uall [13657ms]
2024-06-17 12:52:25.147 [info] > git config --get commit.template [12ms]
2024-06-17 12:52:25.154 [info] > git for-each-ref --format=%(refname)%00%(upstream:short)%00%(objectname)%00%(upstream:track)%00%(upstream:remotename)%00%(upstream:remoteref) refs/heads/PIP refs/remotes/PIP [8ms]
2024-06-17 12:52:39.023 [info] > git status -z -uall [13855ms]
2024-06-17 12:54:19.982 [info] > git config --get commit.template [11ms]
2024-06-17 12:54:19.989 [info] > git for-each-ref --format=%(refname)%00%(upstream:short)%00%(objectname)%00%(upstream:track)%00%(upstream:remotename)%00%(upstream:remoteref) refs/heads/PIP refs/remotes/PIP [11ms]
2024-06-17 12:54:20.509 [info] > git check-ignore -v -z --stdin [346ms]
2024-06-17 12:54:33.671 [info] > git status -z -uall [13676ms]
2024-06-17 12:55:02.628 [info] > git config --get commit.template [14ms]
2024-06-17 12:55:02.631 [info] > git for-each-ref --format=%(refname)%00%(upstream:short)%00%(objectname)%00%(upstream:track)%00%(upstream:remotename)%00%(upstream:remoteref) refs/heads/PIP refs/remotes/PIP [7ms]
2024-06-17 12:55:14.103 [info] > git status -z -uall [11463ms]
2024-06-17 12:55:30.128 [info] > git fetch [888ms]
2024-06-17 12:55:30.146 [info] > git config --get commit.template [8ms]
2024-06-17 12:55:30.147 [info] > git for-each-ref --format=%(refname)%00%(upstream:short)%00%(objectname)%00%(upstream:track)%00%(upstream:remotename)%00%(upstream:remoteref) refs/heads/PIP refs/remotes/PIP [3ms]
2024-06-17 12:55:39.860 [info] > git status -z -uall [9707ms]
2024-06-17 12:55:44.064 [info] > git config --get commit.template [11ms]
2024-06-17 12:55:44.069 [info] > git for-each-ref --format=%(refname)%00%(upstream:short)%00%(objectname)%00%(upstream:track)%00%(upstream:remotename)%00%(upstream:remoteref) refs/heads/PIP refs/remotes/PIP [8ms]
2024-06-17 12:55:55.715 [info] > git status -z -uall [11632ms]
2024-06-17 12:56:33.152 [info] > git config --get commit.template [10ms]
2024-06-17 12:56:33.156 [info] > git for-each-ref --format=%(refname)%00%(upstream:short)%00%(objectname)%00%(upstream:track)%00%(upstream:remotename)%00%(upstream:remoteref) refs/heads/PIP refs/remotes/PIP [6ms]
2024-06-17 12:56:44.097 [info] > git status -z -uall [10932ms]
2024-06-17 12:57:27.921 [info] > git config --get commit.template [20ms]
2024-06-17 12:57:27.926 [info] > git for-each-ref --format=%(refname)%00%(upstream:short)%00%(objectname)%00%(upstream:track)%00%(upstream:remotename)%00%(upstream:remoteref) refs/heads/PIP refs/remotes/PIP [10ms]
2024-06-17 12:57:42.857 [info] > git status -z -uall [14922ms]
2024-06-17 12:58:09.193 [info] > git config --get commit.template [14ms]
2024-06-17 12:58:09.196 [info] > git for-each-ref --format=%(refname)%00%(upstream:short)%00%(objectname)%00%(upstream:track)%00%(upstream:remotename)%00%(upstream:remoteref) refs/heads/PIP refs/remotes/PIP [8ms]
2024-06-17 12:58:26.715 [info] > git status -z -uall [17505ms]
2024-06-17 12:58:40.896 [info] > git fetch [970ms]
2024-06-17 12:58:40.922 [info] > git config --get commit.template [12ms]
2024-06-17 12:58:40.925 [info] > git for-each-ref --format=%(refname)%00%(upstream:short)%00%(objectname)%00%(upstream:track)%00%(upstream:remotename)%00%(upstream:remoteref) refs/heads/PIP refs/remotes/PIP [5ms]
2024-06-17 12:58:57.809 [info] > git status -z -uall [16870ms]
2024-06-17 12:59:55.364 [info] > git config --get commit.template [15ms]
2024-06-17 12:59:55.370 [info] > git for-each-ref --format=%(refname)%00%(upstream:short)%00%(objectname)%00%(upstream:track)%00%(upstream:remotename)%00%(upstream:remoteref) refs/heads/PIP refs/remotes/PIP [8ms]
2024-06-17 13:00:09.842 [info] > git status -z -uall [14461ms]
2024-06-17 13:00:26.403 [info] > git config --get commit.template [10ms]
2024-06-17 13:00:26.406 [info] > git for-each-ref --format=%(refname)%00%(upstream:short)%00%(objectname)%00%(upstream:track)%00%(upstream:remotename)%00%(upstream:remoteref) refs/heads/PIP refs/remotes/PIP [5ms]
2024-06-17 13:00:37.445 [info] > git status -z -uall [11034ms]
2024-06-17 13:00:44.811 [info] > git check-ignore -v -z --stdin [30ms]
2024-06-17 13:01:06.920 [info] > git config --get commit.template [10ms]
2024-06-17 13:01:06.923 [info] > git for-each-ref --format=%(refname)%00%(upstream:short)%00%(objectname)%00%(upstream:track)%00%(upstream:remotename)%00%(upstream:remoteref) refs/heads/PIP refs/remotes/PIP [4ms]
2024-06-17 13:01:09.321 [info] > git check-ignore -v -z --stdin [74ms]
2024-06-17 13:01:16.902 [info] > git status -z -uall [9973ms]
2024-06-17 13:01:58.787 [info] > git fetch [810ms]
2024-06-17 13:01:58.806 [info] > git config --get commit.template [8ms]
2024-06-17 13:01:58.808 [info] > git for-each-ref --format=%(refname)%00%(upstream:short)%00%(objectname)%00%(upstream:track)%00%(upstream:remotename)%00%(upstream:remoteref) refs/heads/PIP refs/remotes/PIP [4ms]
2024-06-17 13:02:11.982 [info] > git status -z -uall [13168ms]
2024-06-17 13:02:13.085 [info] > git config --get commit.template [18ms]
2024-06-17 13:02:13.088 [info] > git for-each-ref --format=%(refname)%00%(upstream:short)%00%(objectname)%00%(upstream:track)%00%(upstream:remotename)%00%(upstream:remoteref) refs/heads/PIP refs/remotes/PIP [6ms]
2024-06-17 13:02:31.294 [info] > git status -z -uall [18194ms]
2024-06-17 13:02:47.256 [info] > git config --get commit.template [15ms]
2024-06-17 13:02:47.260 [info] > git for-each-ref --format=%(refname)%00%(upstream:short)%00%(objectname)%00%(upstream:track)%00%(upstream:remotename)%00%(upstream:remoteref) refs/heads/PIP refs/remotes/PIP [8ms]
2024-06-17 13:03:04.859 [info] > git status -z -uall [17584ms]
2024-06-17 13:04:21.320 [info] > git config --get commit.template [15ms]
2024-06-17 13:04:21.324 [info] > git for-each-ref --format=%(refname)%00%(upstream:short)%00%(objectname)%00%(upstream:track)%00%(upstream:remotename)%00%(upstream:remoteref) refs/heads/PIP refs/remotes/PIP [8ms]
2024-06-17 13:04:35.567 [info] > git status -z -uall [14230ms]
2024-06-17 13:05:05.323 [info] > git config --get commit.template [13ms]
2024-06-17 13:05:05.328 [info] > git for-each-ref --format=%(refname)%00%(upstream:short)%00%(objectname)%00%(upstream:track)%00%(upstream:remotename)%00%(upstream:remoteref) refs/heads/PIP refs/remotes/PIP [7ms]
2024-06-17 13:05:16.328 [info] > git status -z -uall [10993ms]
2024-06-17 13:05:17.278 [info] > git fetch [907ms]
2024-06-17 13:05:17.313 [info] > git config --get commit.template [22ms]
2024-06-17 13:05:17.314 [info] > git for-each-ref --format=%(refname)%00%(upstream:short)%00%(objectname)%00%(upstream:track)%00%(upstream:remotename)%00%(upstream:remoteref) refs/heads/PIP refs/remotes/PIP [6ms]
2024-06-17 13:05:27.506 [info] > git status -z -uall [10185ms]
2024-06-17 13:07:39.181 [info] > git config --get commit.template [13ms]
2024-06-17 13:07:39.189 [info] > git for-each-ref --format=%(refname)%00%(upstream:short)%00%(objectname)%00%(upstream:track)%00%(upstream:remotename)%00%(upstream:remoteref) refs/heads/PIP refs/remotes/PIP [12ms]
2024-06-17 13:07:49.439 [info] > git status -z -uall [10242ms]
2024-06-17 13:08:01.302 [info] > git config --get commit.template [25ms]
2024-06-17 13:08:01.310 [info] > git for-each-ref --format=%(refname)%00%(upstream:short)%00%(objectname)%00%(upstream:track)%00%(upstream:remotename)%00%(upstream:remoteref) refs/heads/PIP refs/remotes/PIP [13ms]
2024-06-17 13:08:15.460 [info] > git status -z -uall [14133ms]
2024-06-17 13:08:21.627 [info] > git config --get commit.template [9ms]
2024-06-17 13:08:21.630 [info] > git for-each-ref --format=%(refname)%00%(upstream:short)%00%(objectname)%00%(upstream:track)%00%(upstream:remotename)%00%(upstream:remoteref) refs/heads/PIP refs/remotes/PIP [6ms]
2024-06-17 13:08:35.990 [info] > git status -z -uall [14352ms]
2024-06-17 13:08:38.351 [info] > git fetch [797ms]
2024-06-17 13:08:38.381 [info] > git config --get commit.template [14ms]
2024-06-17 13:08:38.383 [info] > git for-each-ref --format=%(refname)%00%(upstream:short)%00%(objectname)%00%(upstream:track)%00%(upstream:remotename)%00%(upstream:remoteref) refs/heads/PIP refs/remotes/PIP [6ms]
2024-06-17 13:08:55.977 [info] > git status -z -uall [17583ms]
