2024-06-19 10:20:16.198 [info] Log level: Info
2024-06-19 10:20:16.198 [info] Validating found git in: "git"
2024-06-19 10:20:16.198 [info] Using git "2.43.0" from "git"
2024-06-19 10:20:16.198 [info] > git rev-parse --show-toplevel [33ms]
2024-06-19 10:20:16.198 [info] fatal: not a git repository (or any of the parent directories): .git
2024-06-19 10:20:16.198 [info] > git rev-parse --show-toplevel [97ms]
2024-06-19 10:20:16.202 [info] > git rev-parse --git-dir --git-common-dir [34ms]
2024-06-19 10:20:16.249 [info] Open repository: /root/bot
2024-06-19 10:20:16.308 [info] > git rev-parse --show-toplevel [21ms]
2024-06-19 10:20:16.308 [info] fatal: not a git repository (or any of the parent directories): .git
2024-06-19 10:20:16.309 [info] > git config --get commit.template [35ms]
2024-06-19 10:20:16.346 [info] > git rev-parse --show-toplevel [24ms]
2024-06-19 10:20:16.346 [info] fatal: not a git repository (or any of the parent directories): .git
2024-06-19 10:20:16.364 [info] > git for-each-ref --format=%(refname)%00%(upstream:short)%00%(objectname)%00%(upstream:track)%00%(upstream:remotename)%00%(upstream:remoteref) refs/heads/PIP refs/remotes/PIP [26ms]
2024-06-19 10:20:16.369 [info] > git rev-parse --show-toplevel [10ms]
2024-06-19 10:20:16.369 [info] fatal: not a git repository (or any of the parent directories): .git
2024-06-19 10:20:16.388 [info] > git rev-parse --show-toplevel [7ms]
2024-06-19 10:20:16.388 [info] fatal: not a git repository (or any of the parent directories): .git
2024-06-19 10:20:16.458 [info] > git rev-parse --show-toplevel [42ms]
2024-06-19 10:20:16.458 [info] fatal: not a git repository (or any of the parent directories): .git
2024-06-19 10:20:16.975 [info] > git show --textconv :logger.py [248ms]
2024-06-19 10:20:16.978 [info] > git ls-files --stage -- /root/bot/logger.py [236ms]
2024-06-19 10:20:17.191 [info] > git check-ignore -v -z --stdin [255ms]
2024-06-19 10:20:17.195 [info] > git cat-file -s 023022b84291424b4af1de4cd1086974f5383574 [200ms]
2024-06-19 10:20:17.255 [info] > git fetch [1007ms]
2024-06-19 10:20:17.273 [info] > git status -z -uall [873ms] (cancelled)
2024-06-19 10:20:17.277 [info] > git config --get commit.template [4ms]
2024-06-19 10:20:17.277 [info] > git config --get commit.template [11ms]
2024-06-19 10:20:17.290 [info] > git for-each-ref --format=%(refname)%00%(upstream:short)%00%(objectname)%00%(upstream:track)%00%(upstream:remotename)%00%(upstream:remoteref) refs/heads/PIP refs/remotes/PIP [6ms]
2024-06-19 10:20:17.291 [info] > git for-each-ref --format=%(refname)%00%(upstream:short)%00%(objectname)%00%(upstream:track)%00%(upstream:remotename)%00%(upstream:remoteref) refs/heads/PIP refs/remotes/PIP [2ms]
2024-06-19 10:20:17.519 [info] > git check-ignore -v -z --stdin [63ms]
2024-06-19 10:20:23.683 [info] > git status -z -uall [6386ms] (cancelled)
2024-06-19 10:20:26.654 [info] > git check-ignore -v -z --stdin [20ms]
2024-06-19 10:20:28.529 [info] > git check-ignore -v -z --stdin [27ms]
2024-06-19 10:20:35.063 [info] > git show --textconv :logs/CHF_JPY.log [27ms]
2024-06-19 10:20:35.071 [info] > git ls-files --stage -- /root/bot/logs/CHF_JPY.log [26ms]
2024-06-19 10:20:35.079 [info] > git cat-file -s a1c29fe76646b2ae1152fabbc69700e3514b9541 [2ms]
2024-06-19 10:20:41.360 [info] > git check-ignore -v -z --stdin [25ms]
2024-06-19 10:20:42.198 [info] > git show --textconv :candle_data_backup.csv [20ms]
2024-06-19 10:20:42.208 [info] > git ls-files --stage -- /root/bot/candle_data_backup.csv [24ms]
2024-06-19 10:20:42.217 [info] > git cat-file -s 474c2bf75f42da0cce17fa0152f3e1fa33c4cdbf [2ms]
2024-06-19 10:20:42.788 [info] > git show --textconv :candle_data.csv [17ms]
2024-06-19 10:20:42.796 [info] > git ls-files --stage -- /root/bot/candle_data.csv [19ms]
2024-06-19 10:20:42.804 [info] > git cat-file -s 8b137891791fe96927ad78e64b0aad7bded08bdc [2ms]
2024-06-19 10:20:48.702 [info] > git rev-parse --show-toplevel [1ms]
2024-06-19 10:20:48.702 [info] fatal: not a git repository (or any of the parent directories): .git
2024-06-19 10:20:52.355 [info] > git show --textconv :candle_data.csv [48ms]
2024-06-19 10:20:52.404 [info] > git ls-files --stage -- /root/bot/candle_data.csv [63ms]
2024-06-19 10:20:52.420 [info] > git cat-file -s 8b137891791fe96927ad78e64b0aad7bded08bdc [4ms]
2024-06-19 10:20:56.823 [info] > git show --textconv :candle_data_backup.csv [17ms]
2024-06-19 10:20:56.829 [info] > git ls-files --stage -- /root/bot/candle_data_backup.csv [18ms]
2024-06-19 10:20:56.835 [info] > git cat-file -s 474c2bf75f42da0cce17fa0152f3e1fa33c4cdbf [1ms]
2024-06-19 10:20:57.429 [info] > git show --textconv :candle_data_all.csv [17ms]
2024-06-19 10:20:57.434 [info] > git ls-files --stage -- /root/bot/candle_data_all.csv [17ms]
2024-06-19 10:20:57.441 [info] > git cat-file -s 4ac1e8d1ca8014135af8b12682c5186d338f2389 [2ms]
2024-06-19 10:20:59.386 [info] > git show --textconv :candle_data.csv [16ms]
2024-06-19 10:20:59.391 [info] > git ls-files --stage -- /root/bot/candle_data.csv [15ms]
2024-06-19 10:20:59.397 [info] > git cat-file -s 8b137891791fe96927ad78e64b0aad7bded08bdc [2ms]
2024-06-19 10:21:01.498 [info] > git show --textconv :candle_data_all.csv [17ms]
2024-06-19 10:21:01.509 [info] > git ls-files --stage -- /root/bot/candle_data_all.csv [19ms]
2024-06-19 10:21:01.517 [info] > git cat-file -s 4ac1e8d1ca8014135af8b12682c5186d338f2389 [3ms]
2024-06-19 10:21:22.583 [info] > git show --textconv :candle_data_backup.csv [15ms]
2024-06-19 10:21:22.589 [info] > git ls-files --stage -- /root/bot/candle_data_backup.csv [17ms]
2024-06-19 10:21:22.595 [info] > git cat-file -s 474c2bf75f42da0cce17fa0152f3e1fa33c4cdbf [2ms]
2024-06-19 10:21:28.243 [info] > git show --textconv :Trademanager.py [13ms]
2024-06-19 10:21:28.263 [info] > git ls-files --stage -- /root/bot/Trademanager.py [26ms]
2024-06-19 10:21:28.273 [info] > git cat-file -s 5f3385190706bfeb3ddbad878edf6ce7124be051 [2ms]
2024-06-19 10:21:28.952 [info] > git show --textconv :Technicals.py [33ms]
2024-06-19 10:21:28.957 [info] > git ls-files --stage -- /root/bot/Technicals.py [26ms]
2024-06-19 10:21:28.966 [info] > git cat-file -s 7fdc38ac8242f7a3fa95d6ba9ec3110ee7bc5f29 [2ms]
2024-06-19 10:21:33.045 [info] > git ls-files --stage -- /root/bot/trade_log.log [43ms]
2024-06-19 10:21:33.052 [info] > git cat-file -s e08aedb13803d0a3862f45e54d058e6d2957772a [2ms]
2024-06-19 10:21:33.165 [info] > git show --textconv :trade_log.log [175ms]
2024-06-19 10:21:53.049 [info] > git show --textconv :logs/USD_CAD.log [15ms]
2024-06-19 10:21:53.059 [info] > git ls-files --stage -- /root/bot/logs/USD_CAD.log [16ms]
2024-06-19 10:21:53.068 [info] > git cat-file -s 05b484888daa52fa074dadbe89ff857d8211ef92 [2ms]
