2024-06-18 01:47:19.939 [info] Experiment 'pythonCreateEnvOnPipInstall' is active
2024-06-18 01:47:19.939 [info] Experiment 'pythonRecommendTensorboardExt' is active
2024-06-18 01:47:19.939 [info] Experiment 'pythonTerminalEnvVarActivation' is active
2024-06-18 01:47:19.939 [info] Experiment 'pythonTestAdapter' is active
2024-06-18 01:47:19.980 [info] Default formatter is set to null for workspace /root
2024-06-18 01:47:20.787 [info] Starting Environment refresh
2024-06-18 01:47:20.799 [info] > hatch env show --json
2024-06-18 01:47:20.799 [info] cwd: .
2024-06-18 01:47:20.833 [info] > C:\Users\sachi\AppData\Local\Microsoft\WindowsApps\python3.11.exe -I ./.vscode-server/extensions/ms-python.python-2024.8.1/python_files/get_output_via_markers.py ./.vscode-server/extensions/ms-python.python-2024.8.1/python_files/interpreterInfo.py
2024-06-18 01:47:20.837 [error] [Error: Command failed: C:\Users\sachi\AppData\Local\Microsoft\WindowsApps\python3.11.exe -I /root/.vscode-server/extensions/ms-python.python-2024.8.1/python_files/get_output_via_markers.py /root/.vscode-server/extensions/ms-python.python-2024.8.1/python_files/interpreterInfo.py
/bin/sh: 1: C:UserssachiAppDataLocalMicrosoftWindowsAppspython3.11.exe: not found

	at ChildProcess.exithandler (node:child_process:422:12)
	at ChildProcess.emit (node:events:530:35)
	at maybeClose (node:internal/child_process:1105:16)
	at Socket.<anonymous> (node:internal/child_process:457:11)
	at Socket.emit (node:events:518:28)
	at Pipe.<anonymous> (node:net:337:12)] {
  code: 127,
  killed: false,
  signal: null,
  cmd: 'C:\\Users\\sachi\\AppData\\Local\\Microsoft\\WindowsApps\\python3.11.exe -I /root/.vscode-server/extensions/ms-python.python-2024.8.1/python_files/get_output_via_markers.py /root/.vscode-server/extensions/ms-python.python-2024.8.1/python_files/interpreterInfo.py'
}
2024-06-18 01:47:20.838 [info] Environments refresh paths discovered: 53 milliseconds
2024-06-18 01:47:22.842 [info] > C:\Users\sachi\AppData\Local\Microsoft\WindowsApps\python3.11.exe -I ./.vscode-server/extensions/ms-python.python-2024.8.1/python_files/get_output_via_markers.py ./.vscode-server/extensions/ms-python.python-2024.8.1/python_files/interpreterInfo.py
2024-06-18 01:47:22.844 [error] [Error: Command failed: C:\Users\sachi\AppData\Local\Microsoft\WindowsApps\python3.11.exe -I /root/.vscode-server/extensions/ms-python.python-2024.8.1/python_files/get_output_via_markers.py /root/.vscode-server/extensions/ms-python.python-2024.8.1/python_files/interpreterInfo.py
/bin/sh: 1: C:UserssachiAppDataLocalMicrosoftWindowsAppspython3.11.exe: not found

	at ChildProcess.exithandler (node:child_process:422:12)
	at ChildProcess.emit (node:events:530:35)
	at maybeClose (node:internal/child_process:1105:16)
	at ChildProcess._handle.onexit (node:internal/child_process:305:5)] {
  code: 127,
  killed: false,
  signal: null,
  cmd: 'C:\\Users\\sachi\\AppData\\Local\\Microsoft\\WindowsApps\\python3.11.exe -I /root/.vscode-server/extensions/ms-python.python-2024.8.1/python_files/get_output_via_markers.py /root/.vscode-server/extensions/ms-python.python-2024.8.1/python_files/interpreterInfo.py'
}
2024-06-18 01:47:22.844 [info] Environments refresh finished (event): 2059 milliseconds
2024-06-18 01:47:22.845 [info] Environment refresh took 2061 milliseconds
2024-06-18 01:47:22.849 [info] > pyenv which python
2024-06-18 01:47:22.849 [info] cwd: .
2024-06-18 01:47:22.861 [info] > C:\Users\sachi\AppData\Local\Microsoft\WindowsApps\python3.11.exe -c "import sys;print(sys.executable)"
2024-06-18 01:47:22.863 [error] [Error: Command failed: C:\Users\sachi\AppData\Local\Microsoft\WindowsApps\python3.11.exe -c "import sys;print(sys.executable)"
/bin/sh: 1: C:UserssachiAppDataLocalMicrosoftWindowsAppspython3.11.exe: not found

	at ChildProcess.exithandler (node:child_process:422:12)
	at ChildProcess.emit (node:events:530:35)
	at maybeClose (node:internal/child_process:1105:16)
	at ChildProcess._handle.onexit (node:internal/child_process:305:5)] {
  code: 127,
  killed: false,
  signal: null,
  cmd: 'C:\\Users\\sachi\\AppData\\Local\\Microsoft\\WindowsApps\\python3.11.exe -c "import sys;print(sys.executable)"'
}
2024-06-18 01:47:22.874 [info] > pyenv which python
2024-06-18 01:47:22.874 [info] cwd: .
2024-06-18 01:47:24.160 [info] Starting Pylance language server.
2024-06-18 01:49:24.418 [error] Cannot trigger test discovery as a valid interpreter is not selected
