2024-06-18 03:24:03.734 [info] Log level: Info
2024-06-18 03:24:03.734 [info] Validating found git in: "git"
2024-06-18 03:24:03.734 [info] Using git "2.43.0" from "git"
2024-06-18 03:24:03.742 [info] > git rev-parse --show-toplevel [9ms]
2024-06-18 03:24:03.742 [info] fatal: not a git repository (or any of the parent directories): .git
2024-06-18 03:24:03.755 [info] > git rev-parse --show-toplevel [6ms]
2024-06-18 03:24:03.757 [info] fatal: not a git repository (or any of the parent directories): .git
2024-06-18 03:24:03.768 [info] > git rev-parse --show-toplevel [4ms]
2024-06-18 03:24:03.768 [info] fatal: not a git repository (or any of the parent directories): .git
2024-06-18 03:24:03.786 [info] > git rev-parse --show-toplevel [4ms]
2024-06-18 03:24:03.787 [info] fatal: not a git repository (or any of the parent directories): .git
2024-06-18 03:24:03.806 [info] > git rev-parse --show-toplevel [4ms]
2024-06-18 03:24:03.806 [info] fatal: not a git repository (or any of the parent directories): .git
2024-06-18 03:24:03.818 [info] > git rev-parse --show-toplevel [3ms]
2024-06-18 03:24:03.819 [info] fatal: not a git repository (or any of the parent directories): .git
2024-06-18 03:24:03.828 [info] > git rev-parse --show-toplevel [2ms]
2024-06-18 03:24:03.828 [info] fatal: not a git repository (or any of the parent directories): .git
2024-06-18 03:24:03.882 [info] > git rev-parse --show-toplevel [44ms]
2024-06-18 03:24:03.892 [info] > git rev-parse --git-dir --git-common-dir [1ms]
2024-06-18 03:24:03.912 [info] Open repository: /root/bot
2024-06-18 03:24:03.952 [info] > git config --get commit.template [20ms]
2024-06-18 03:24:04.004 [info] > git for-each-ref --format=%(refname)%00%(upstream:short)%00%(objectname)%00%(upstream:track)%00%(upstream:remotename)%00%(upstream:remoteref) refs/heads/PIP refs/remotes/PIP [31ms]
2024-06-18 03:24:04.577 [info] > git check-ignore -v -z --stdin [68ms]
2024-06-18 03:24:04.810 [info] > git fetch [899ms]
2024-06-18 03:24:04.826 [info] > git status -z -uall [809ms] (cancelled)
2024-06-18 03:24:04.827 [info] > git config --get commit.template [8ms]
2024-06-18 03:24:04.828 [info] > git config --get commit.template [3ms]
2024-06-18 03:24:04.838 [info] > git for-each-ref --format=%(refname)%00%(upstream:short)%00%(objectname)%00%(upstream:track)%00%(upstream:remotename)%00%(upstream:remoteref) refs/heads/PIP refs/remotes/PIP [6ms]
2024-06-18 03:24:04.839 [info] > git for-each-ref --format=%(refname)%00%(upstream:short)%00%(objectname)%00%(upstream:track)%00%(upstream:remotename)%00%(upstream:remoteref) refs/heads/PIP refs/remotes/PIP [3ms]
2024-06-18 03:24:05.170 [info] > git rev-parse --show-toplevel [16ms]
2024-06-18 03:24:05.173 [info] fatal: not a git repository (or any of the parent directories): .git
2024-06-18 03:24:07.843 [info] > git status -z -uall [2999ms]
2024-06-18 03:24:07.901 [info] > git merge-base refs/heads/PIP refs/remotes/origin/PIP [38ms]
2024-06-18 03:24:07.908 [info] > git rev-list --count --left-right refs/heads/PIP...refs/remotes/origin/PIP [2ms]
2024-06-18 03:24:07.913 [info] > git diff --name-status -z --diff-filter=ADMR 1f76f2332d0e93359840465fcbce02a04c0e09c2...refs/remotes/origin/PIP [1ms]
2024-06-18 03:25:31.759 [info] > git check-ignore -v -z --stdin [21ms]
2024-06-18 03:26:32.559 [info] > git config --get commit.template [1ms]
2024-06-18 03:26:32.566 [info] > git for-each-ref --format=%(refname)%00%(upstream:short)%00%(objectname)%00%(upstream:track)%00%(upstream:remotename)%00%(upstream:remoteref) refs/heads/PIP refs/remotes/PIP [2ms]
2024-06-18 03:26:35.130 [info] > git status -z -uall [2558ms]
2024-06-18 03:26:50.404 [info] > git config --get commit.template [8ms]
2024-06-18 03:26:50.406 [info] > git for-each-ref --format=%(refname)%00%(upstream:short)%00%(objectname)%00%(upstream:track)%00%(upstream:remotename)%00%(upstream:remoteref) refs/heads/PIP refs/remotes/PIP [5ms]
2024-06-18 03:26:52.868 [info] > git status -z -uall [2457ms]
2024-06-18 03:26:57.950 [info] > git config --get commit.template [7ms]
2024-06-18 03:26:57.951 [info] > git for-each-ref --format=%(refname)%00%(upstream:short)%00%(objectname)%00%(upstream:track)%00%(upstream:remotename)%00%(upstream:remoteref) refs/heads/PIP refs/remotes/PIP [2ms]
2024-06-18 03:27:00.229 [info] > git status -z -uall [2272ms]
2024-06-18 03:27:05.616 [info] > git fetch [771ms]
2024-06-18 03:27:05.626 [info] > git config --get commit.template [5ms]
2024-06-18 03:27:05.628 [info] > git for-each-ref --format=%(refname)%00%(upstream:short)%00%(objectname)%00%(upstream:track)%00%(upstream:remotename)%00%(upstream:remoteref) refs/heads/PIP refs/remotes/PIP [3ms]
2024-06-18 03:27:08.049 [info] > git status -z -uall [2417ms]
2024-06-18 03:27:58.837 [info] > git config --get commit.template [6ms]
2024-06-18 03:27:58.839 [info] > git for-each-ref --format=%(refname)%00%(upstream:short)%00%(objectname)%00%(upstream:track)%00%(upstream:remotename)%00%(upstream:remoteref) refs/heads/PIP refs/remotes/PIP [3ms]
2024-06-18 03:28:01.282 [info] > git status -z -uall [2439ms] (cancelled)
2024-06-18 03:28:56.625 [info] > git show --textconv :cech.py [21ms]
2024-06-18 03:28:57.298 [info] > git ls-files --stage -- /root/bot/cech.py [688ms]
2024-06-18 03:28:57.381 [info] > git cat-file -s e69de29bb2d1d6434b8b29ae775ad8c2e48c5391 [69ms]
2024-06-18 03:30:13.468 [info] > git fetch [749ms]
2024-06-18 03:30:13.485 [info] > git config --get commit.template [8ms]
2024-06-18 03:30:13.486 [info] > git for-each-ref --format=%(refname)%00%(upstream:short)%00%(objectname)%00%(upstream:track)%00%(upstream:remotename)%00%(upstream:remoteref) refs/heads/PIP refs/remotes/PIP [3ms]
2024-06-18 03:30:14.760 [info] > git ls-files --stage -- /root/bot/cech.py [13ms]
2024-06-18 03:30:14.767 [info] > git cat-file -s e69de29bb2d1d6434b8b29ae775ad8c2e48c5391 [2ms]
2024-06-18 03:30:14.797 [info] > git show --textconv :cech.py [11ms]
2024-06-18 03:30:16.402 [info] > git status -z -uall [2909ms] (cancelled)
2024-06-18 03:31:37.199 [info] > git check-ignore -v -z --stdin [19ms]
2024-06-18 03:33:29.405 [info] > git check-ignore -v -z --stdin [13ms]
2024-06-18 03:33:35.507 [info] > git fetch [704ms]
2024-06-18 03:33:35.521 [info] > git config --get commit.template [6ms]
2024-06-18 03:33:35.522 [info] > git for-each-ref --format=%(refname)%00%(upstream:short)%00%(objectname)%00%(upstream:track)%00%(upstream:remotename)%00%(upstream:remoteref) refs/heads/PIP refs/remotes/PIP [3ms]
2024-06-18 03:33:39.374 [info] > git status -z -uall [3846ms] (cancelled)
2024-06-18 03:34:42.645 [info] > git check-ignore -v -z --stdin [20ms]
2024-06-18 03:35:19.918 [info] > git show --textconv :cech.py [69ms]
2024-06-18 03:35:19.950 [info] > git ls-files --stage -- /root/bot/cech.py [69ms]
2024-06-18 03:35:19.967 [info] > git cat-file -s e69de29bb2d1d6434b8b29ae775ad8c2e48c5391 [6ms]
2024-06-18 03:40:40.022 [info] > git fetch [704ms]
2024-06-18 03:40:40.037 [info] > git config --get commit.template [7ms]
2024-06-18 03:40:40.038 [info] > git for-each-ref --format=%(refname)%00%(upstream:short)%00%(objectname)%00%(upstream:track)%00%(upstream:remotename)%00%(upstream:remoteref) refs/heads/PIP refs/remotes/PIP [2ms]
2024-06-18 03:40:41.294 [info] > git ls-files --stage -- /root/bot/cech.py [19ms]
2024-06-18 03:40:41.303 [info] > git cat-file -s e69de29bb2d1d6434b8b29ae775ad8c2e48c5391 [1ms]
2024-06-18 03:40:41.370 [info] > git show --textconv :cech.py [16ms]
2024-06-18 03:40:42.846 [info] > git status -z -uall [2803ms] (cancelled)
2024-06-18 03:40:45.959 [info] > git check-ignore -v -z --stdin [20ms]
