2024-06-18 01:36:36.608 [info] Log level: Info
2024-06-18 01:36:36.608 [info] Validating found git in: "git"
2024-06-18 01:36:36.608 [info] Using git "2.43.0" from "git"
2024-06-18 01:36:36.608 [info] > git rev-parse --show-toplevel [9ms]
2024-06-18 01:36:36.608 [info] fatal: not a git repository (or any of the parent directories): .git
2024-06-18 01:36:36.608 [info] > git rev-parse --show-toplevel [8ms]
2024-06-18 01:36:36.608 [info] fatal: not a git repository (or any of the parent directories): .git
2024-06-18 01:36:36.608 [info] > git rev-parse --show-toplevel [4ms]
2024-06-18 01:36:36.608 [info] fatal: not a git repository (or any of the parent directories): .git
2024-06-18 01:36:36.608 [info] > git rev-parse --show-toplevel [10ms]
2024-06-18 01:36:36.608 [info] fatal: not a git repository (or any of the parent directories): .git
2024-06-18 01:36:36.613 [info] > git rev-parse --show-toplevel [6ms]
2024-06-18 01:36:36.719 [info] > git rev-parse --git-dir --git-common-dir [4ms]
2024-06-18 01:36:36.752 [info] Open repository: /root/bot
2024-06-18 01:36:36.806 [info] > git config --get commit.template [7ms]
2024-06-18 01:36:36.822 [info] > git for-each-ref --format=%(refname)%00%(upstream:short)%00%(objectname)%00%(upstream:track)%00%(upstream:remotename)%00%(upstream:remoteref) refs/heads/PIP refs/remotes/PIP [9ms]
2024-06-18 01:36:37.402 [info] > git check-ignore -v -z --stdin [34ms]
2024-06-18 01:36:37.763 [info] > git fetch [1010ms]
2024-06-18 01:36:37.778 [info] > git status -z -uall [935ms] (cancelled)
2024-06-18 01:36:37.780 [info] > git config --get commit.template [7ms]
2024-06-18 01:36:37.781 [info] > git config --get commit.template [2ms]
2024-06-18 01:36:37.791 [info] > git for-each-ref --format=%(refname)%00%(upstream:short)%00%(objectname)%00%(upstream:track)%00%(upstream:remotename)%00%(upstream:remoteref) refs/heads/PIP refs/remotes/PIP [6ms]
2024-06-18 01:36:37.796 [info] > git for-each-ref --format=%(refname)%00%(upstream:short)%00%(objectname)%00%(upstream:track)%00%(upstream:remotename)%00%(upstream:remoteref) refs/heads/PIP refs/remotes/PIP [6ms]
2024-06-18 01:36:38.313 [info] > git check-ignore -v -z --stdin [83ms]
2024-06-18 01:36:41.439 [info] > git check-ignore -v -z --stdin [41ms]
2024-06-18 01:36:48.548 [info] > git status -z -uall [10748ms]
2024-06-18 01:36:48.599 [info] > git merge-base refs/heads/PIP refs/remotes/origin/PIP [34ms]
2024-06-18 01:36:48.606 [info] > git rev-list --count --left-right refs/heads/PIP...refs/remotes/origin/PIP [3ms]
2024-06-18 01:36:48.613 [info] > git diff --name-status -z --diff-filter=ADMR 1f76f2332d0e93359840465fcbce02a04c0e09c2...refs/remotes/origin/PIP [2ms]
2024-06-18 01:38:11.478 [info] > git check-ignore -v -z --stdin [13ms]
2024-06-18 01:38:11.802 [info] > git config --get commit.template [5ms]
2024-06-18 01:38:11.803 [info] > git for-each-ref --format=%(refname)%00%(upstream:short)%00%(objectname)%00%(upstream:track)%00%(upstream:remotename)%00%(upstream:remoteref) refs/heads/PIP refs/remotes/PIP [2ms]
2024-06-18 01:38:14.005 [info] > git status -z -uall [2198ms]
2024-06-18 01:38:21.993 [info] > git config --get commit.template [4ms]
2024-06-18 01:38:21.994 [info] > git for-each-ref --format=%(refname)%00%(upstream:short)%00%(objectname)%00%(upstream:track)%00%(upstream:remotename)%00%(upstream:remoteref) refs/heads/PIP refs/remotes/PIP [2ms]
2024-06-18 01:38:24.538 [info] > git status -z -uall [2541ms]
2024-06-18 01:38:29.586 [info] > git config --get commit.template [6ms]
2024-06-18 01:38:29.588 [info] > git for-each-ref --format=%(refname)%00%(upstream:short)%00%(objectname)%00%(upstream:track)%00%(upstream:remotename)%00%(upstream:remoteref) refs/heads/PIP refs/remotes/PIP [4ms]
2024-06-18 01:38:32.023 [info] > git status -z -uall [2430ms]
2024-06-18 01:38:37.056 [info] > git config --get commit.template [2ms]
2024-06-18 01:38:37.062 [info] > git for-each-ref --format=%(refname)%00%(upstream:short)%00%(objectname)%00%(upstream:track)%00%(upstream:remotename)%00%(upstream:remoteref) refs/heads/PIP refs/remotes/PIP [2ms]
2024-06-18 01:38:39.453 [info] > git status -z -uall [2387ms]
2024-06-18 01:39:39.002 [info] > git fetch [715ms]
2024-06-18 01:39:39.011 [info] > git config --get commit.template [5ms]
2024-06-18 01:39:39.012 [info] > git for-each-ref --format=%(refname)%00%(upstream:short)%00%(objectname)%00%(upstream:track)%00%(upstream:remotename)%00%(upstream:remoteref) refs/heads/PIP refs/remotes/PIP [3ms]
2024-06-18 01:39:41.216 [info] > git status -z -uall [2201ms]
2024-06-18 01:42:41.966 [info] > git fetch [719ms]
2024-06-18 01:42:41.976 [info] > git config --get commit.template [5ms]
2024-06-18 01:42:41.978 [info] > git for-each-ref --format=%(refname)%00%(upstream:short)%00%(objectname)%00%(upstream:track)%00%(upstream:remotename)%00%(upstream:remoteref) refs/heads/PIP refs/remotes/PIP [3ms]
2024-06-18 01:42:44.564 [info] > git status -z -uall [2582ms]
2024-06-18 01:44:14.576 [info] > git config --get commit.template [6ms]
2024-06-18 01:44:14.577 [info] > git for-each-ref --format=%(refname)%00%(upstream:short)%00%(objectname)%00%(upstream:track)%00%(upstream:remotename)%00%(upstream:remoteref) refs/heads/PIP refs/remotes/PIP [2ms]
2024-06-18 01:44:16.778 [info] > git status -z -uall [2198ms]
2024-06-18 01:44:22.702 [info] > git config --get commit.template [4ms]
2024-06-18 01:44:22.703 [info] > git for-each-ref --format=%(refname)%00%(upstream:short)%00%(objectname)%00%(upstream:track)%00%(upstream:remotename)%00%(upstream:remoteref) refs/heads/PIP refs/remotes/PIP [2ms]
2024-06-18 01:44:24.782 [info] > git status -z -uall [2075ms]
2024-06-18 01:44:29.816 [info] > git config --get commit.template [6ms]
2024-06-18 01:44:29.818 [info] > git for-each-ref --format=%(refname)%00%(upstream:short)%00%(objectname)%00%(upstream:track)%00%(upstream:remotename)%00%(upstream:remoteref) refs/heads/PIP refs/remotes/PIP [3ms]
2024-06-18 01:44:32.282 [info] > git status -z -uall [2458ms]
2024-06-18 01:45:07.485 [info] > git show --textconv :requirements.txt [16ms]
2024-06-18 01:45:07.487 [info] > git ls-files --stage -- /root/bot/requirements.txt [14ms]
2024-06-18 01:45:07.493 [info] > git cat-file -s bf4c4834cf2cc5b74708bbe1e7896ce647f86a19 [2ms]
2024-06-18 01:45:12.087 [info] > git config --get commit.template [6ms]
2024-06-18 01:45:12.089 [info] > git for-each-ref --format=%(refname)%00%(upstream:short)%00%(objectname)%00%(upstream:track)%00%(upstream:remotename)%00%(upstream:remoteref) refs/heads/PIP refs/remotes/PIP [2ms]
2024-06-18 01:45:14.486 [info] > git status -z -uall [2392ms]
2024-06-18 01:45:27.305 [info] > git config --get commit.template [2ms]
2024-06-18 01:45:27.312 [info] > git for-each-ref --format=%(refname)%00%(upstream:short)%00%(objectname)%00%(upstream:track)%00%(upstream:remotename)%00%(upstream:remoteref) refs/heads/PIP refs/remotes/PIP [2ms]
2024-06-18 01:45:29.589 [info] > git status -z -uall [2272ms]
2024-06-18 01:45:45.348 [info] > git fetch [755ms]
2024-06-18 01:45:45.358 [info] > git config --get commit.template [5ms]
2024-06-18 01:45:45.359 [info] > git for-each-ref --format=%(refname)%00%(upstream:short)%00%(objectname)%00%(upstream:track)%00%(upstream:remotename)%00%(upstream:remoteref) refs/heads/PIP refs/remotes/PIP [2ms]
2024-06-18 01:45:46.622 [info] > git ls-files --stage -- /root/bot/requirements.txt [17ms]
2024-06-18 01:45:46.628 [info] > git cat-file -s bf4c4834cf2cc5b74708bbe1e7896ce647f86a19 [2ms]
2024-06-18 01:45:46.655 [info] > git show --textconv :requirements.txt [14ms]
2024-06-18 01:45:47.807 [info] > git status -z -uall [2443ms]
2024-06-18 01:46:44.079 [info] > git show --textconv :logger.py [16ms]
2024-06-18 01:46:44.084 [info] > git ls-files --stage -- /root/bot/logger.py [16ms]
2024-06-18 01:46:44.091 [info] > git cat-file -s 023022b84291424b4af1de4cd1086974f5383574 [2ms]
2024-06-18 01:46:50.684 [info] > git check-ignore -v -z --stdin [11ms]
2024-06-18 01:47:10.687 [info] > git rev-parse --show-toplevel [3ms]
2024-06-18 01:47:10.687 [info] fatal: not a git repository (or any of the parent directories): .git
2024-06-18 01:47:11.301 [warning] Failed to get repository realpath for: "/root/.vscode-server/extensions/.5a874b25-c63f-4f47-a578-9d598230291f/bundled/libs/debugpy/_vendored/pydevd/_pydevd_frame_eval/". Error: ENOENT: no such file or directory, realpath '/root/.vscode-server/extensions/.5a874b25-c63f-4f47-a578-9d598230291f/bundled/libs/debugpy/_vendored/pydevd/_pydevd_frame_eval/'
2024-06-18 01:47:11.307 [warning] Failed to get repository realpath for: "/root/.vscode-server/extensions/.5a874b25-c63f-4f47-a578-9d598230291f/bundled/libs/debugpy/_vendored/pydevd/pydevd_attach_to_process/linux_and_mac/". Error: ENOENT: no such file or directory, realpath '/root/.vscode-server/extensions/.5a874b25-c63f-4f47-a578-9d598230291f/bundled/libs/debugpy/_vendored/pydevd/pydevd_attach_to_process/linux_and_mac/'
2024-06-18 01:47:16.677 [info] > git rev-parse --show-toplevel [2ms]
2024-06-18 01:47:16.677 [info] fatal: not a git repository (or any of the parent directories): .git
2024-06-18 01:47:19.468 [info] > git rev-parse --show-toplevel [4ms]
2024-06-18 01:47:19.468 [info] fatal: not a git repository (or any of the parent directories): .git
2024-06-18 01:47:19.474 [info] > git rev-parse --show-toplevel [2ms]
2024-06-18 01:47:19.474 [info] fatal: not a git repository (or any of the parent directories): .git
2024-06-18 01:48:48.564 [info] > git fetch [727ms]
2024-06-18 01:48:48.573 [info] > git config --get commit.template [4ms]
2024-06-18 01:48:48.574 [info] > git for-each-ref --format=%(refname)%00%(upstream:short)%00%(objectname)%00%(upstream:track)%00%(upstream:remotename)%00%(upstream:remoteref) refs/heads/PIP refs/remotes/PIP [2ms]
2024-06-18 01:48:50.767 [info] > git status -z -uall [2189ms]
2024-06-18 01:49:34.128 [info] > git rev-parse --show-toplevel [2ms]
2024-06-18 01:49:34.128 [info] fatal: not a git repository (or any of the parent directories): .git
2024-06-18 01:50:48.134 [info] > git config --get commit.template [7ms]
2024-06-18 01:50:48.135 [info] > git for-each-ref --format=%(refname)%00%(upstream:short)%00%(objectname)%00%(upstream:track)%00%(upstream:remotename)%00%(upstream:remoteref) refs/heads/PIP refs/remotes/PIP [4ms]
2024-06-18 01:50:50.404 [info] > git status -z -uall [2264ms]
2024-06-18 01:51:51.535 [info] > git fetch [733ms]
2024-06-18 01:51:51.545 [info] > git config --get commit.template [5ms]
2024-06-18 01:51:51.546 [info] > git for-each-ref --format=%(refname)%00%(upstream:short)%00%(objectname)%00%(upstream:track)%00%(upstream:remotename)%00%(upstream:remoteref) refs/heads/PIP refs/remotes/PIP [2ms]
2024-06-18 01:51:53.895 [info] > git status -z -uall [2344ms]
2024-06-18 01:54:54.636 [info] > git fetch [715ms]
2024-06-18 01:54:54.645 [info] > git config --get commit.template [4ms]
2024-06-18 01:54:54.646 [info] > git for-each-ref --format=%(refname)%00%(upstream:short)%00%(objectname)%00%(upstream:track)%00%(upstream:remotename)%00%(upstream:remoteref) refs/heads/PIP refs/remotes/PIP [2ms]
2024-06-18 01:54:56.990 [info] > git status -z -uall [2341ms]
2024-06-18 01:57:57.748 [info] > git fetch [725ms]
2024-06-18 01:57:57.757 [info] > git config --get commit.template [4ms]
2024-06-18 01:57:57.758 [info] > git for-each-ref --format=%(refname)%00%(upstream:short)%00%(objectname)%00%(upstream:track)%00%(upstream:remotename)%00%(upstream:remoteref) refs/heads/PIP refs/remotes/PIP [2ms]
2024-06-18 01:58:00.231 [info] > git status -z -uall [2468ms]
2024-06-18 02:01:01.042 [info] > git fetch [784ms]
2024-06-18 02:01:01.051 [info] > git config --get commit.template [1ms]
2024-06-18 02:01:01.058 [info] > git for-each-ref --format=%(refname)%00%(upstream:short)%00%(objectname)%00%(upstream:track)%00%(upstream:remotename)%00%(upstream:remoteref) refs/heads/PIP refs/remotes/PIP [2ms]
2024-06-18 02:01:03.988 [info] > git status -z -uall [2926ms]
2024-06-18 02:04:04.737 [info] > git fetch [718ms]
2024-06-18 02:04:04.746 [info] > git config --get commit.template [5ms]
2024-06-18 02:04:04.748 [info] > git for-each-ref --format=%(refname)%00%(upstream:short)%00%(objectname)%00%(upstream:track)%00%(upstream:remotename)%00%(upstream:remoteref) refs/heads/PIP refs/remotes/PIP [3ms]
2024-06-18 02:04:07.220 [info] > git status -z -uall [2468ms]
2024-06-18 02:07:07.972 [info] > git fetch [728ms]
2024-06-18 02:07:07.983 [info] > git config --get commit.template [6ms]
2024-06-18 02:07:07.985 [info] > git for-each-ref --format=%(refname)%00%(upstream:short)%00%(objectname)%00%(upstream:track)%00%(upstream:remotename)%00%(upstream:remoteref) refs/heads/PIP refs/remotes/PIP [3ms]
2024-06-18 02:07:10.480 [info] > git status -z -uall [2490ms]
2024-06-18 02:10:11.231 [info] > git fetch [719ms]
2024-06-18 02:10:11.240 [info] > git config --get commit.template [5ms]
2024-06-18 02:10:11.242 [info] > git for-each-ref --format=%(refname)%00%(upstream:short)%00%(objectname)%00%(upstream:track)%00%(upstream:remotename)%00%(upstream:remoteref) refs/heads/PIP refs/remotes/PIP [2ms]
2024-06-18 02:10:13.695 [info] > git status -z -uall [2449ms]
2024-06-18 02:13:14.440 [info] > git fetch [711ms]
2024-06-18 02:13:14.450 [info] > git config --get commit.template [5ms]
2024-06-18 02:13:14.451 [info] > git for-each-ref --format=%(refname)%00%(upstream:short)%00%(objectname)%00%(upstream:track)%00%(upstream:remotename)%00%(upstream:remoteref) refs/heads/PIP refs/remotes/PIP [2ms]
2024-06-18 02:13:16.748 [info] > git status -z -uall [2292ms]
2024-06-18 02:16:17.502 [info] > git fetch [726ms]
2024-06-18 02:16:17.514 [info] > git config --get commit.template [6ms]
2024-06-18 02:16:17.515 [info] > git for-each-ref --format=%(refname)%00%(upstream:short)%00%(objectname)%00%(upstream:track)%00%(upstream:remotename)%00%(upstream:remoteref) refs/heads/PIP refs/remotes/PIP [2ms]
2024-06-18 02:16:20.374 [info] > git status -z -uall [2855ms]
2024-06-18 02:19:21.121 [info] > git fetch [725ms]
2024-06-18 02:19:21.131 [info] > git config --get commit.template [5ms]
2024-06-18 02:19:21.132 [info] > git for-each-ref --format=%(refname)%00%(upstream:short)%00%(objectname)%00%(upstream:track)%00%(upstream:remotename)%00%(upstream:remoteref) refs/heads/PIP refs/remotes/PIP [2ms]
2024-06-18 02:19:23.529 [info] > git status -z -uall [2392ms]
2024-06-18 02:22:24.257 [info] > git fetch [701ms]
2024-06-18 02:22:24.268 [info] > git config --get commit.template [5ms]
2024-06-18 02:22:24.269 [info] > git for-each-ref --format=%(refname)%00%(upstream:short)%00%(objectname)%00%(upstream:track)%00%(upstream:remotename)%00%(upstream:remoteref) refs/heads/PIP refs/remotes/PIP [2ms]
2024-06-18 02:22:26.578 [info] > git status -z -uall [2304ms]
2024-06-18 02:25:27.326 [info] > git fetch [715ms]
2024-06-18 02:25:27.336 [info] > git config --get commit.template [4ms]
2024-06-18 02:25:27.338 [info] > git for-each-ref --format=%(refname)%00%(upstream:short)%00%(objectname)%00%(upstream:track)%00%(upstream:remotename)%00%(upstream:remoteref) refs/heads/PIP refs/remotes/PIP [3ms]
2024-06-18 02:25:30.148 [info] > git status -z -uall [2805ms]
2024-06-18 02:28:30.880 [info] > git fetch [701ms]
2024-06-18 02:28:30.887 [info] > git config --get commit.template [2ms]
2024-06-18 02:28:30.891 [info] > git for-each-ref --format=%(refname)%00%(upstream:short)%00%(objectname)%00%(upstream:track)%00%(upstream:remotename)%00%(upstream:remoteref) refs/heads/PIP refs/remotes/PIP [1ms]
2024-06-18 02:28:33.338 [info] > git status -z -uall [2443ms]
2024-06-18 02:31:34.098 [info] > git fetch [736ms]
2024-06-18 02:31:34.108 [info] > git config --get commit.template [5ms]
2024-06-18 02:31:34.110 [info] > git for-each-ref --format=%(refname)%00%(upstream:short)%00%(objectname)%00%(upstream:track)%00%(upstream:remotename)%00%(upstream:remoteref) refs/heads/PIP refs/remotes/PIP [1ms]
2024-06-18 02:31:36.624 [info] > git status -z -uall [2511ms]
2024-06-18 02:34:37.375 [info] > git fetch [722ms]
2024-06-18 02:34:37.385 [info] > git config --get commit.template [5ms]
2024-06-18 02:34:37.386 [info] > git for-each-ref --format=%(refname)%00%(upstream:short)%00%(objectname)%00%(upstream:track)%00%(upstream:remotename)%00%(upstream:remoteref) refs/heads/PIP refs/remotes/PIP [1ms]
2024-06-18 02:34:39.744 [info] > git status -z -uall [2353ms]
2024-06-18 02:37:40.516 [info] > git fetch [748ms]
2024-06-18 02:37:40.529 [info] > git config --get commit.template [8ms]
2024-06-18 02:37:40.530 [info] > git for-each-ref --format=%(refname)%00%(upstream:short)%00%(objectname)%00%(upstream:track)%00%(upstream:remotename)%00%(upstream:remoteref) refs/heads/PIP refs/remotes/PIP [2ms]
2024-06-18 02:37:43.099 [info] > git status -z -uall [2564ms]
2024-06-18 02:40:43.854 [info] > git fetch [731ms]
2024-06-18 02:40:43.864 [info] > git config --get commit.template [5ms]
2024-06-18 02:40:43.865 [info] > git for-each-ref --format=%(refname)%00%(upstream:short)%00%(objectname)%00%(upstream:track)%00%(upstream:remotename)%00%(upstream:remoteref) refs/heads/PIP refs/remotes/PIP [2ms]
2024-06-18 02:40:46.752 [info] > git status -z -uall [2882ms]
2024-06-18 02:43:47.505 [info] > git fetch [729ms]
2024-06-18 02:43:47.513 [info] > git config --get commit.template [4ms]
2024-06-18 02:43:47.515 [info] > git for-each-ref --format=%(refname)%00%(upstream:short)%00%(objectname)%00%(upstream:track)%00%(upstream:remotename)%00%(upstream:remoteref) refs/heads/PIP refs/remotes/PIP [2ms]
2024-06-18 02:43:50.042 [info] > git status -z -uall [2523ms]
2024-06-18 02:46:50.781 [info] > git fetch [711ms]
2024-06-18 02:46:50.795 [info] > git config --get commit.template [8ms]
2024-06-18 02:46:50.796 [info] > git for-each-ref --format=%(refname)%00%(upstream:short)%00%(objectname)%00%(upstream:track)%00%(upstream:remotename)%00%(upstream:remoteref) refs/heads/PIP refs/remotes/PIP [2ms]
2024-06-18 02:46:53.183 [info] > git status -z -uall [2383ms]
2024-06-18 02:49:53.927 [info] > git fetch [717ms]
2024-06-18 02:49:53.940 [info] > git config --get commit.template [8ms]
2024-06-18 02:49:53.941 [info] > git for-each-ref --format=%(refname)%00%(upstream:short)%00%(objectname)%00%(upstream:track)%00%(upstream:remotename)%00%(upstream:remoteref) refs/heads/PIP refs/remotes/PIP [2ms]
2024-06-18 02:49:56.116 [info] > git status -z -uall [2171ms]
2024-06-18 02:52:56.921 [info] > git fetch [780ms]
2024-06-18 02:52:56.930 [info] > git config --get commit.template [4ms]
2024-06-18 02:52:56.932 [info] > git for-each-ref --format=%(refname)%00%(upstream:short)%00%(objectname)%00%(upstream:track)%00%(upstream:remotename)%00%(upstream:remoteref) refs/heads/PIP refs/remotes/PIP [2ms]
2024-06-18 02:52:59.075 [info] > git status -z -uall [2139ms]
2024-06-18 02:55:59.851 [info] > git fetch [751ms]
2024-06-18 02:55:59.860 [info] > git config --get commit.template [4ms]
2024-06-18 02:55:59.861 [info] > git for-each-ref --format=%(refname)%00%(upstream:short)%00%(objectname)%00%(upstream:track)%00%(upstream:remotename)%00%(upstream:remoteref) refs/heads/PIP refs/remotes/PIP [2ms]
2024-06-18 02:56:02.331 [info] > git status -z -uall [2465ms]
2024-06-18 02:59:03.096 [info] > git fetch [734ms]
2024-06-18 02:59:03.107 [info] > git config --get commit.template [5ms]
2024-06-18 02:59:03.108 [info] > git for-each-ref --format=%(refname)%00%(upstream:short)%00%(objectname)%00%(upstream:track)%00%(upstream:remotename)%00%(upstream:remoteref) refs/heads/PIP refs/remotes/PIP [2ms]
2024-06-18 02:59:05.801 [info] > git status -z -uall [2686ms]
2024-06-18 03:02:06.574 [info] > git fetch [739ms]
2024-06-18 03:02:06.585 [info] > git config --get commit.template [6ms]
2024-06-18 03:02:06.586 [info] > git for-each-ref --format=%(refname)%00%(upstream:short)%00%(objectname)%00%(upstream:track)%00%(upstream:remotename)%00%(upstream:remoteref) refs/heads/PIP refs/remotes/PIP [2ms]
2024-06-18 03:02:08.999 [info] > git status -z -uall [2408ms]
2024-06-18 03:05:09.759 [info] > git fetch [733ms]
2024-06-18 03:05:09.770 [info] > git config --get commit.template [5ms]
2024-06-18 03:05:09.770 [info] > git for-each-ref --format=%(refname)%00%(upstream:short)%00%(objectname)%00%(upstream:track)%00%(upstream:remotename)%00%(upstream:remoteref) refs/heads/PIP refs/remotes/PIP [2ms]
2024-06-18 03:05:12.205 [info] > git status -z -uall [2431ms]
2024-06-18 03:08:12.955 [info] > git fetch [722ms]
2024-06-18 03:08:12.963 [info] > git config --get commit.template [4ms]
2024-06-18 03:08:12.964 [info] > git for-each-ref --format=%(refname)%00%(upstream:short)%00%(objectname)%00%(upstream:track)%00%(upstream:remotename)%00%(upstream:remoteref) refs/heads/PIP refs/remotes/PIP [2ms]
2024-06-18 03:08:15.208 [info] > git status -z -uall [2240ms]
2024-06-18 03:11:15.969 [info] > git fetch [726ms]
2024-06-18 03:11:15.977 [info] > git config --get commit.template [4ms]
2024-06-18 03:11:15.979 [info] > git for-each-ref --format=%(refname)%00%(upstream:short)%00%(objectname)%00%(upstream:track)%00%(upstream:remotename)%00%(upstream:remoteref) refs/heads/PIP refs/remotes/PIP [3ms]
2024-06-18 03:11:18.211 [info] > git status -z -uall [2228ms]
2024-06-18 03:14:18.937 [info] > git fetch [699ms]
2024-06-18 03:14:18.946 [info] > git config --get commit.template [4ms]
2024-06-18 03:14:18.948 [info] > git for-each-ref --format=%(refname)%00%(upstream:short)%00%(objectname)%00%(upstream:track)%00%(upstream:remotename)%00%(upstream:remoteref) refs/heads/PIP refs/remotes/PIP [2ms]
2024-06-18 03:14:21.232 [info] > git status -z -uall [2280ms]
2024-06-18 03:17:21.969 [info] > git fetch [708ms]
2024-06-18 03:17:21.977 [info] > git config --get commit.template [4ms]
2024-06-18 03:17:21.978 [info] > git for-each-ref --format=%(refname)%00%(upstream:short)%00%(objectname)%00%(upstream:track)%00%(upstream:remotename)%00%(upstream:remoteref) refs/heads/PIP refs/remotes/PIP [1ms]
2024-06-18 03:17:24.230 [info] > git status -z -uall [2248ms]
2024-06-18 03:20:24.987 [info] > git fetch [732ms]
2024-06-18 03:20:24.996 [info] > git config --get commit.template [3ms]
2024-06-18 03:20:24.997 [info] > git for-each-ref --format=%(refname)%00%(upstream:short)%00%(objectname)%00%(upstream:track)%00%(upstream:remotename)%00%(upstream:remoteref) refs/heads/PIP refs/remotes/PIP [2ms]
2024-06-18 03:20:27.320 [info] > git status -z -uall [2320ms]
2024-06-18 03:23:28.050 [info] > git fetch [704ms]
2024-06-18 03:23:28.060 [info] > git config --get commit.template [4ms]
2024-06-18 03:23:28.062 [info] > git for-each-ref --format=%(refname)%00%(upstream:short)%00%(objectname)%00%(upstream:track)%00%(upstream:remotename)%00%(upstream:remoteref) refs/heads/PIP refs/remotes/PIP [2ms]
2024-06-18 03:23:30.625 [info] > git status -z -uall [2559ms]
2024-06-18 03:26:31.380 [info] > git fetch [719ms]
2024-06-18 03:26:31.391 [info] > git config --get commit.template [4ms]
2024-06-18 03:26:31.392 [info] > git for-each-ref --format=%(refname)%00%(upstream:short)%00%(objectname)%00%(upstream:track)%00%(upstream:remotename)%00%(upstream:remoteref) refs/heads/PIP refs/remotes/PIP [2ms]
2024-06-18 03:26:33.869 [info] > git status -z -uall [2472ms]
