2024-06-18 03:44:24.534 [info] (Client) Pylance async client (2024.6.1) started with python extension (2024.8.1)
2024-06-18 03:44:25.533 [info] [Info  - 3:44:25 AM] (18581) Pylance language server 2024.6.1 (pyright version 1.1.364, commit 0618acc5) starting
2024-06-18 03:44:25.533 [info] [Info  - 3:44:25 AM] (18581) Server root directory: file:///root/.vscode-server/extensions/ms-python.vscode-pylance-2024.6.1/dist
2024-06-18 03:44:25.533 [info] [Info  - 3:44:25 AM] (18581) Starting service instance "root"
2024-06-18 03:44:25.630 [info] Auto-Indent enabled
2024-06-18 03:44:25.667 [info] Auto-Indent enabled
2024-06-18 03:44:25.673 [info] [Info  - 3:44:25 AM] (18581) Setting pythonPath for service "root": "/bin/python3"
2024-06-18 03:44:25.673 [info] [Info  - 3:44:25 AM] (18581) Setting environmentName for service "root": "3.12.3 (global)"
2024-06-18 03:44:25.768 [info] [Info  - 3:44:25 AM] (18581) Assuming Python version 3.12.3.final.0
2024-06-18 03:44:26.100 [info] [Info  - 3:44:26 AM] (18581) Auto-excluding /root/bot/bot
2024-06-18 03:44:26.161 [info] [Info  - 3:44:26 AM] (18581) Auto-excluding /root/bot/ta-lib/myenv
2024-06-18 03:44:26.477 [info] [Info  - 3:44:26 AM] (18581) Found 30 source files
2024-06-18 03:44:26.492 [info] Auto-Indent enabled
2024-06-18 03:44:27.422 [info] [Info  - 3:44:27 AM] (18581) Background analysis(1) root directory: file:///root/.vscode-server/extensions/ms-python.vscode-pylance-2024.6.1/dist
2024-06-18 03:44:27.423 [info] [Info  - 3:44:27 AM] (18581) Background analysis(1) started
2024-06-18 03:44:28.590 [info] [Info  - 3:44:28 AM] (18581) Indexer background runner(2) root directory: file:///root/.vscode-server/extensions/ms-python.vscode-pylance-2024.6.1/dist (index)
2024-06-18 03:44:28.591 [info] [Info  - 3:44:28 AM] (18581) Indexing(2) started
2024-06-18 03:44:30.664 [info] [Info  - 3:44:30 AM] (18581) scanned(2) 92 files over 1 exec env
2024-06-18 03:44:31.190 [info] [Info  - 3:44:31 AM] (18581) indexed(2) 57 files over 1 exec env
2024-06-18 03:44:31.303 [info] [Info  - 3:44:31 AM] (18581) Indexing finished(2).
